{"/home/sergey/_programming/node/candleStickCollection/tests/candle.js":{"path":"/home/sergey/_programming/node/candleStickCollection/tests/candle.js","s":{"1":1,"2":1,"3":1,"4":1,"5":1,"6":1,"7":1,"8":1,"9":1,"10":1,"11":1,"12":1,"13":1,"14":1,"15":1,"16":1,"17":1,"18":1,"19":1,"20":1,"21":1,"22":1,"23":1,"24":1,"25":1,"26":1,"27":1,"28":1,"29":1,"30":1,"31":1,"32":1,"33":1,"34":1,"35":1,"36":1,"37":1,"38":1,"39":1,"40":1,"41":1,"42":1,"43":1,"44":1,"45":1,"46":1,"47":1,"48":1},"b":{},"f":{"1":1,"2":1,"3":1,"4":1},"fnMap":{"1":{"name":"(anonymous_1)","line":4,"loc":{"start":{"line":4,"column":27},"end":{"line":4,"column":39}}},"2":{"name":"(anonymous_2)","line":6,"loc":{"start":{"line":6,"column":30},"end":{"line":6,"column":42}}},"3":{"name":"(anonymous_3)","line":13,"loc":{"start":{"line":13,"column":28},"end":{"line":13,"column":40}}},"4":{"name":"(anonymous_4)","line":15,"loc":{"start":{"line":15,"column":41},"end":{"line":15,"column":53}}}},"statementMap":{"1":{"start":{"line":1,"column":0},"end":{"line":2,"column":38}},"2":{"start":{"line":4,"column":0},"end":{"line":75,"column":3}},"3":{"start":{"line":6,"column":4},"end":{"line":11,"column":7}},"4":{"start":{"line":7,"column":8},"end":{"line":7,"column":34}},"5":{"start":{"line":9,"column":8},"end":{"line":9,"column":43}},"6":{"start":{"line":10,"column":8},"end":{"line":10,"column":42}},"7":{"start":{"line":13,"column":4},"end":{"line":74,"column":7}},"8":{"start":{"line":15,"column":8},"end":{"line":73,"column":11}},"9":{"start":{"line":16,"column":12},"end":{"line":16,"column":28}},"10":{"start":{"line":17,"column":12},"end":{"line":17,"column":32}},"11":{"start":{"line":18,"column":12},"end":{"line":18,"column":33}},"12":{"start":{"line":19,"column":12},"end":{"line":19,"column":41}},"13":{"start":{"line":22,"column":12},"end":{"line":22,"column":38}},"14":{"start":{"line":25,"column":12},"end":{"line":25,"column":25}},"15":{"start":{"line":26,"column":12},"end":{"line":26,"column":26}},"16":{"start":{"line":27,"column":12},"end":{"line":27,"column":66}},"17":{"start":{"line":28,"column":12},"end":{"line":28,"column":46}},"18":{"start":{"line":29,"column":12},"end":{"line":29,"column":113}},"19":{"start":{"line":32,"column":12},"end":{"line":32,"column":24}},"20":{"start":{"line":33,"column":12},"end":{"line":33,"column":25}},"21":{"start":{"line":34,"column":12},"end":{"line":34,"column":67}},"22":{"start":{"line":35,"column":12},"end":{"line":35,"column":46}},"23":{"start":{"line":36,"column":12},"end":{"line":36,"column":107}},"24":{"start":{"line":39,"column":12},"end":{"line":39,"column":25}},"25":{"start":{"line":40,"column":12},"end":{"line":40,"column":25}},"26":{"start":{"line":41,"column":12},"end":{"line":41,"column":66}},"27":{"start":{"line":42,"column":12},"end":{"line":42,"column":46}},"28":{"start":{"line":43,"column":12},"end":{"line":43,"column":107}},"29":{"start":{"line":46,"column":12},"end":{"line":46,"column":23}},"30":{"start":{"line":47,"column":12},"end":{"line":47,"column":23}},"31":{"start":{"line":48,"column":12},"end":{"line":48,"column":66}},"32":{"start":{"line":49,"column":12},"end":{"line":49,"column":46}},"33":{"start":{"line":50,"column":12},"end":{"line":50,"column":107}},"34":{"start":{"line":53,"column":12},"end":{"line":53,"column":24}},"35":{"start":{"line":54,"column":12},"end":{"line":54,"column":24}},"36":{"start":{"line":55,"column":12},"end":{"line":55,"column":67}},"37":{"start":{"line":56,"column":12},"end":{"line":56,"column":46}},"38":{"start":{"line":57,"column":12},"end":{"line":57,"column":107}},"39":{"start":{"line":60,"column":12},"end":{"line":60,"column":25}},"40":{"start":{"line":61,"column":12},"end":{"line":61,"column":24}},"41":{"start":{"line":62,"column":12},"end":{"line":62,"column":67}},"42":{"start":{"line":63,"column":12},"end":{"line":63,"column":46}},"43":{"start":{"line":64,"column":12},"end":{"line":64,"column":109}},"44":{"start":{"line":67,"column":12},"end":{"line":67,"column":27}},"45":{"start":{"line":68,"column":12},"end":{"line":68,"column":26}},"46":{"start":{"line":69,"column":12},"end":{"line":69,"column":66}},"47":{"start":{"line":70,"column":12},"end":{"line":70,"column":47}},"48":{"start":{"line":71,"column":12},"end":{"line":71,"column":109}}},"branchMap":{}}}