{"/home/sergey/_programming/node/candleStickCollection/lib/candle.js":{"path":"/home/sergey/_programming/node/candleStickCollection/lib/candle.js","s":{"1":1,"2":1,"3":1,"4":1,"5":1,"6":1,"7":1,"8":1,"9":1,"10":1,"11":1,"12":1,"13":1,"14":4,"15":1,"16":0,"17":1,"18":4,"19":4,"20":4,"21":4,"22":4,"23":4,"24":4,"25":4,"26":4,"27":1,"28":7,"29":7,"30":7,"31":7,"32":1,"33":6,"34":1,"35":1,"36":1,"37":1,"38":1,"39":5,"40":2,"41":2,"42":5,"43":1,"44":1,"45":5,"46":2,"47":5,"48":2,"49":5,"50":5,"51":1,"52":7,"53":7,"54":7,"55":7,"56":1,"57":6,"58":1,"59":1,"60":1,"61":1,"62":1,"63":5,"64":2,"65":2,"66":5,"67":1,"68":1,"69":5,"70":2,"71":5,"72":2,"73":5,"74":5,"75":1,"76":0,"77":0,"78":0,"79":0,"80":0,"81":0,"82":0,"83":0,"84":0,"85":1,"86":1,"87":1,"88":1,"89":1,"90":0,"91":1,"92":0,"93":1,"94":1,"95":1,"96":1,"97":1,"98":1,"99":1,"100":1,"101":1,"102":1,"103":1,"104":1,"105":1,"106":1,"107":1,"108":5,"109":1,"110":1,"111":1,"112":5,"113":1,"114":1,"115":1,"116":1,"117":1,"118":16,"119":1,"120":1,"121":1},"b":{"1":[4,1],"2":[1,6],"3":[1,5],"4":[2,3],"5":[1,4],"6":[2,3],"7":[2,3],"8":[1,6],"9":[1,5],"10":[2,3],"11":[1,4],"12":[2,3],"13":[2,3]},"f":{"1":4,"2":0,"3":4,"4":7,"5":7,"6":0,"7":1,"8":1,"9":0,"10":0,"11":1,"12":1,"13":1,"14":1,"15":1,"16":1,"17":1,"18":5,"19":1,"20":5,"21":1,"22":1,"23":16,"24":1},"fnMap":{"1":{"name":"(anonymous_1)","line":19,"loc":{"start":{"line":19,"column":13},"end":{"line":19,"column":27}}},"2":{"name":"(anonymous_2)","line":23,"loc":{"start":{"line":23,"column":32},"end":{"line":23,"column":49}}},"3":{"name":"(anonymous_3)","line":27,"loc":{"start":{"line":27,"column":24},"end":{"line":27,"column":38}}},"4":{"name":"(anonymous_4)","line":42,"loc":{"start":{"line":42,"column":28},"end":{"line":42,"column":45}}},"5":{"name":"(anonymous_5)","line":78,"loc":{"start":{"line":78,"column":33},"end":{"line":78,"column":50}}},"6":{"name":"(anonymous_6)","line":114,"loc":{"start":{"line":114,"column":38},"end":{"line":114,"column":59}}},"7":{"name":"(anonymous_7)","line":130,"loc":{"start":{"line":130,"column":29},"end":{"line":130,"column":41}}},"8":{"name":"(anonymous_8)","line":131,"loc":{"start":{"line":131,"column":29},"end":{"line":131,"column":47}}},"9":{"name":"(anonymous_9)","line":133,"loc":{"start":{"line":133,"column":32},"end":{"line":133,"column":44}}},"10":{"name":"(anonymous_10)","line":134,"loc":{"start":{"line":134,"column":32},"end":{"line":134,"column":53}}},"11":{"name":"(anonymous_11)","line":136,"loc":{"start":{"line":136,"column":30},"end":{"line":136,"column":42}}},"12":{"name":"(anonymous_12)","line":137,"loc":{"start":{"line":137,"column":30},"end":{"line":137,"column":44}}},"13":{"name":"(anonymous_13)","line":139,"loc":{"start":{"line":139,"column":29},"end":{"line":139,"column":41}}},"14":{"name":"(anonymous_14)","line":140,"loc":{"start":{"line":140,"column":29},"end":{"line":140,"column":43}}},"15":{"name":"(anonymous_15)","line":142,"loc":{"start":{"line":142,"column":27},"end":{"line":142,"column":39}}},"16":{"name":"(anonymous_16)","line":143,"loc":{"start":{"line":143,"column":27},"end":{"line":143,"column":43}}},"17":{"name":"(anonymous_17)","line":145,"loc":{"start":{"line":145,"column":27},"end":{"line":145,"column":39}}},"18":{"name":"(anonymous_18)","line":146,"loc":{"start":{"line":146,"column":27},"end":{"line":146,"column":43}}},"19":{"name":"(anonymous_19)","line":148,"loc":{"start":{"line":148,"column":26},"end":{"line":148,"column":38}}},"20":{"name":"(anonymous_20)","line":149,"loc":{"start":{"line":149,"column":26},"end":{"line":149,"column":41}}},"21":{"name":"(anonymous_21)","line":151,"loc":{"start":{"line":151,"column":28},"end":{"line":151,"column":40}}},"22":{"name":"(anonymous_22)","line":152,"loc":{"start":{"line":152,"column":28},"end":{"line":152,"column":45}}},"23":{"name":"(anonymous_23)","line":154,"loc":{"start":{"line":154,"column":32},"end":{"line":154,"column":42}}},"24":{"name":"(anonymous_24)","line":167,"loc":{"start":{"line":167,"column":33},"end":{"line":167,"column":43}}}},"statementMap":{"1":{"start":{"line":4,"column":0},"end":{"line":4,"column":17}},"2":{"start":{"line":5,"column":0},"end":{"line":5,"column":20}},"3":{"start":{"line":6,"column":0},"end":{"line":6,"column":21}},"4":{"start":{"line":7,"column":0},"end":{"line":7,"column":17}},"5":{"start":{"line":10,"column":0},"end":{"line":10,"column":18}},"6":{"start":{"line":11,"column":0},"end":{"line":11,"column":20}},"7":{"start":{"line":12,"column":0},"end":{"line":12,"column":20}},"8":{"start":{"line":13,"column":0},"end":{"line":13,"column":19}},"9":{"start":{"line":14,"column":0},"end":{"line":14,"column":21}},"10":{"start":{"line":15,"column":0},"end":{"line":15,"column":22}},"11":{"start":{"line":16,"column":0},"end":{"line":16,"column":24}},"12":{"start":{"line":17,"column":0},"end":{"line":17,"column":23}},"13":{"start":{"line":19,"column":0},"end":{"line":21,"column":2}},"14":{"start":{"line":20,"column":2},"end":{"line":20,"column":16}},"15":{"start":{"line":23,"column":0},"end":{"line":25,"column":2}},"16":{"start":{"line":24,"column":2},"end":{"line":24,"column":25}},"17":{"start":{"line":27,"column":0},"end":{"line":40,"column":2}},"18":{"start":{"line":28,"column":2},"end":{"line":28,"column":19}},"19":{"start":{"line":30,"column":2},"end":{"line":30,"column":28}},"20":{"start":{"line":31,"column":2},"end":{"line":31,"column":20}},"21":{"start":{"line":32,"column":2},"end":{"line":32,"column":19}},"22":{"start":{"line":34,"column":2},"end":{"line":34,"column":17}},"23":{"start":{"line":35,"column":2},"end":{"line":35,"column":17}},"24":{"start":{"line":36,"column":2},"end":{"line":36,"column":16}},"25":{"start":{"line":37,"column":2},"end":{"line":37,"column":18}},"26":{"start":{"line":39,"column":2},"end":{"line":39,"column":23}},"27":{"start":{"line":42,"column":0},"end":{"line":76,"column":2}},"28":{"start":{"line":43,"column":2},"end":{"line":43,"column":32}},"29":{"start":{"line":44,"column":2},"end":{"line":44,"column":33}},"30":{"start":{"line":45,"column":2},"end":{"line":45,"column":31}},"31":{"start":{"line":48,"column":2},"end":{"line":56,"column":3}},"32":{"start":{"line":49,"column":4},"end":{"line":49,"column":17}},"33":{"start":{"line":50,"column":8},"end":{"line":56,"column":3}},"34":{"start":{"line":51,"column":4},"end":{"line":51,"column":24}},"35":{"start":{"line":52,"column":4},"end":{"line":52,"column":62}},"36":{"start":{"line":53,"column":4},"end":{"line":53,"column":38}},"37":{"start":{"line":54,"column":4},"end":{"line":54,"column":26}},"38":{"start":{"line":55,"column":4},"end":{"line":55,"column":16}},"39":{"start":{"line":58,"column":2},"end":{"line":61,"column":3}},"40":{"start":{"line":59,"column":4},"end":{"line":59,"column":22}},"41":{"start":{"line":60,"column":4},"end":{"line":60,"column":24}},"42":{"start":{"line":62,"column":2},"end":{"line":65,"column":3}},"43":{"start":{"line":63,"column":4},"end":{"line":63,"column":23}},"44":{"start":{"line":64,"column":4},"end":{"line":64,"column":23}},"45":{"start":{"line":67,"column":2},"end":{"line":69,"column":3}},"46":{"start":{"line":68,"column":4},"end":{"line":68,"column":24}},"47":{"start":{"line":70,"column":2},"end":{"line":72,"column":3}},"48":{"start":{"line":71,"column":4},"end":{"line":71,"column":23}},"49":{"start":{"line":74,"column":2},"end":{"line":74,"column":25}},"50":{"start":{"line":75,"column":2},"end":{"line":75,"column":14}},"51":{"start":{"line":78,"column":0},"end":{"line":112,"column":2}},"52":{"start":{"line":79,"column":2},"end":{"line":79,"column":27}},"53":{"start":{"line":80,"column":2},"end":{"line":80,"column":33}},"54":{"start":{"line":81,"column":2},"end":{"line":81,"column":35}},"55":{"start":{"line":84,"column":2},"end":{"line":92,"column":3}},"56":{"start":{"line":85,"column":4},"end":{"line":85,"column":17}},"57":{"start":{"line":86,"column":8},"end":{"line":92,"column":3}},"58":{"start":{"line":87,"column":4},"end":{"line":87,"column":24}},"59":{"start":{"line":88,"column":4},"end":{"line":88,"column":62}},"60":{"start":{"line":89,"column":4},"end":{"line":89,"column":38}},"61":{"start":{"line":90,"column":4},"end":{"line":90,"column":26}},"62":{"start":{"line":91,"column":4},"end":{"line":91,"column":16}},"63":{"start":{"line":94,"column":2},"end":{"line":97,"column":3}},"64":{"start":{"line":95,"column":4},"end":{"line":95,"column":22}},"65":{"start":{"line":96,"column":4},"end":{"line":96,"column":24}},"66":{"start":{"line":98,"column":2},"end":{"line":101,"column":3}},"67":{"start":{"line":99,"column":4},"end":{"line":99,"column":23}},"68":{"start":{"line":100,"column":4},"end":{"line":100,"column":23}},"69":{"start":{"line":103,"column":2},"end":{"line":105,"column":3}},"70":{"start":{"line":104,"column":4},"end":{"line":104,"column":24}},"71":{"start":{"line":106,"column":2},"end":{"line":108,"column":3}},"72":{"start":{"line":107,"column":4},"end":{"line":107,"column":23}},"73":{"start":{"line":110,"column":2},"end":{"line":110,"column":25}},"74":{"start":{"line":111,"column":2},"end":{"line":111,"column":14}},"75":{"start":{"line":114,"column":0},"end":{"line":128,"column":2}},"76":{"start":{"line":115,"column":2},"end":{"line":115,"column":43}},"77":{"start":{"line":117,"column":2},"end":{"line":117,"column":40}},"78":{"start":{"line":118,"column":2},"end":{"line":118,"column":40}},"79":{"start":{"line":119,"column":2},"end":{"line":119,"column":38}},"80":{"start":{"line":120,"column":2},"end":{"line":120,"column":42}},"81":{"start":{"line":122,"column":2},"end":{"line":122,"column":44}},"82":{"start":{"line":124,"column":2},"end":{"line":124,"column":47}},"83":{"start":{"line":125,"column":2},"end":{"line":125,"column":45}},"84":{"start":{"line":127,"column":2},"end":{"line":127,"column":22}},"85":{"start":{"line":130,"column":0},"end":{"line":130,"column":63}},"86":{"start":{"line":130,"column":42},"end":{"line":130,"column":61}},"87":{"start":{"line":131,"column":0},"end":{"line":131,"column":71}},"88":{"start":{"line":131,"column":48},"end":{"line":131,"column":69}},"89":{"start":{"line":133,"column":0},"end":{"line":133,"column":69}},"90":{"start":{"line":133,"column":45},"end":{"line":133,"column":67}},"91":{"start":{"line":134,"column":0},"end":{"line":134,"column":83}},"92":{"start":{"line":134,"column":54},"end":{"line":134,"column":81}},"93":{"start":{"line":136,"column":0},"end":{"line":136,"column":65}},"94":{"start":{"line":136,"column":43},"end":{"line":136,"column":63}},"95":{"start":{"line":137,"column":0},"end":{"line":137,"column":65}},"96":{"start":{"line":137,"column":45},"end":{"line":137,"column":63}},"97":{"start":{"line":139,"column":0},"end":{"line":139,"column":63}},"98":{"start":{"line":139,"column":42},"end":{"line":139,"column":61}},"99":{"start":{"line":140,"column":0},"end":{"line":140,"column":63}},"100":{"start":{"line":140,"column":44},"end":{"line":140,"column":61}},"101":{"start":{"line":142,"column":0},"end":{"line":142,"column":59}},"102":{"start":{"line":142,"column":40},"end":{"line":142,"column":57}},"103":{"start":{"line":143,"column":0},"end":{"line":143,"column":63}},"104":{"start":{"line":143,"column":44},"end":{"line":143,"column":61}},"105":{"start":{"line":145,"column":0},"end":{"line":145,"column":59}},"106":{"start":{"line":145,"column":40},"end":{"line":145,"column":57}},"107":{"start":{"line":146,"column":0},"end":{"line":146,"column":63}},"108":{"start":{"line":146,"column":44},"end":{"line":146,"column":61}},"109":{"start":{"line":148,"column":0},"end":{"line":148,"column":57}},"110":{"start":{"line":148,"column":39},"end":{"line":148,"column":55}},"111":{"start":{"line":149,"column":0},"end":{"line":149,"column":59}},"112":{"start":{"line":149,"column":42},"end":{"line":149,"column":57}},"113":{"start":{"line":151,"column":0},"end":{"line":151,"column":61}},"114":{"start":{"line":151,"column":41},"end":{"line":151,"column":59}},"115":{"start":{"line":152,"column":0},"end":{"line":152,"column":67}},"116":{"start":{"line":152,"column":46},"end":{"line":152,"column":65}},"117":{"start":{"line":154,"column":0},"end":{"line":165,"column":2}},"118":{"start":{"line":155,"column":2},"end":{"line":164,"column":4}},"119":{"start":{"line":167,"column":0},"end":{"line":178,"column":2}},"120":{"start":{"line":168,"column":2},"end":{"line":177,"column":4}},"121":{"start":{"line":181,"column":0},"end":{"line":181,"column":24}}},"branchMap":{"1":{"line":30,"type":"binary-expr","locations":[{"start":{"line":30,"column":20},"end":{"line":30,"column":22}},{"start":{"line":30,"column":26},"end":{"line":30,"column":27}}]},"2":{"line":48,"type":"if","locations":[{"start":{"line":48,"column":2},"end":{"line":48,"column":2}},{"start":{"line":48,"column":2},"end":{"line":48,"column":2}}]},"3":{"line":50,"type":"if","locations":[{"start":{"line":50,"column":8},"end":{"line":50,"column":8}},{"start":{"line":50,"column":8},"end":{"line":50,"column":8}}]},"4":{"line":58,"type":"if","locations":[{"start":{"line":58,"column":2},"end":{"line":58,"column":2}},{"start":{"line":58,"column":2},"end":{"line":58,"column":2}}]},"5":{"line":62,"type":"if","locations":[{"start":{"line":62,"column":2},"end":{"line":62,"column":2}},{"start":{"line":62,"column":2},"end":{"line":62,"column":2}}]},"6":{"line":67,"type":"if","locations":[{"start":{"line":67,"column":2},"end":{"line":67,"column":2}},{"start":{"line":67,"column":2},"end":{"line":67,"column":2}}]},"7":{"line":70,"type":"if","locations":[{"start":{"line":70,"column":2},"end":{"line":70,"column":2}},{"start":{"line":70,"column":2},"end":{"line":70,"column":2}}]},"8":{"line":84,"type":"if","locations":[{"start":{"line":84,"column":2},"end":{"line":84,"column":2}},{"start":{"line":84,"column":2},"end":{"line":84,"column":2}}]},"9":{"line":86,"type":"if","locations":[{"start":{"line":86,"column":8},"end":{"line":86,"column":8}},{"start":{"line":86,"column":8},"end":{"line":86,"column":8}}]},"10":{"line":94,"type":"if","locations":[{"start":{"line":94,"column":2},"end":{"line":94,"column":2}},{"start":{"line":94,"column":2},"end":{"line":94,"column":2}}]},"11":{"line":98,"type":"if","locations":[{"start":{"line":98,"column":2},"end":{"line":98,"column":2}},{"start":{"line":98,"column":2},"end":{"line":98,"column":2}}]},"12":{"line":103,"type":"if","locations":[{"start":{"line":103,"column":2},"end":{"line":103,"column":2}},{"start":{"line":103,"column":2},"end":{"line":103,"column":2}}]},"13":{"line":106,"type":"if","locations":[{"start":{"line":106,"column":2},"end":{"line":106,"column":2}},{"start":{"line":106,"column":2},"end":{"line":106,"column":2}}]}}}}