TN:
SF:/home/sergey/_programming/node/candleStickCollection/lib/candle.js
FN:19,(anonymous_1)
FN:23,(anonymous_2)
FN:27,(anonymous_3)
FN:42,(anonymous_4)
FN:78,(anonymous_5)
FN:114,(anonymous_6)
FN:130,(anonymous_7)
FN:131,(anonymous_8)
FN:133,(anonymous_9)
FN:134,(anonymous_10)
FN:136,(anonymous_11)
FN:137,(anonymous_12)
FN:139,(anonymous_13)
FN:140,(anonymous_14)
FN:142,(anonymous_15)
FN:143,(anonymous_16)
FN:145,(anonymous_17)
FN:146,(anonymous_18)
FN:148,(anonymous_19)
FN:149,(anonymous_20)
FN:151,(anonymous_21)
FN:152,(anonymous_22)
FN:154,(anonymous_23)
FN:167,(anonymous_24)
FNF:24
FNH:20
FNDA:4,(anonymous_1)
FNDA:0,(anonymous_2)
FNDA:4,(anonymous_3)
FNDA:7,(anonymous_4)
FNDA:7,(anonymous_5)
FNDA:0,(anonymous_6)
FNDA:1,(anonymous_7)
FNDA:1,(anonymous_8)
FNDA:0,(anonymous_9)
FNDA:0,(anonymous_10)
FNDA:1,(anonymous_11)
FNDA:1,(anonymous_12)
FNDA:1,(anonymous_13)
FNDA:1,(anonymous_14)
FNDA:1,(anonymous_15)
FNDA:1,(anonymous_16)
FNDA:1,(anonymous_17)
FNDA:5,(anonymous_18)
FNDA:1,(anonymous_19)
FNDA:5,(anonymous_20)
FNDA:1,(anonymous_21)
FNDA:1,(anonymous_22)
FNDA:16,(anonymous_23)
FNDA:1,(anonymous_24)
DA:4,1
DA:5,1
DA:6,1
DA:7,1
DA:10,1
DA:11,1
DA:12,1
DA:13,1
DA:14,1
DA:15,1
DA:16,1
DA:17,1
DA:19,1
DA:20,4
DA:23,1
DA:24,0
DA:27,1
DA:28,4
DA:30,4
DA:31,4
DA:32,4
DA:34,4
DA:35,4
DA:36,4
DA:37,4
DA:39,4
DA:42,1
DA:43,7
DA:44,7
DA:45,7
DA:48,7
DA:49,1
DA:50,6
DA:51,1
DA:52,1
DA:53,1
DA:54,1
DA:55,1
DA:58,5
DA:59,2
DA:60,2
DA:62,5
DA:63,1
DA:64,1
DA:67,5
DA:68,2
DA:70,5
DA:71,2
DA:74,5
DA:75,5
DA:78,1
DA:79,7
DA:80,7
DA:81,7
DA:84,7
DA:85,1
DA:86,6
DA:87,1
DA:88,1
DA:89,1
DA:90,1
DA:91,1
DA:94,5
DA:95,2
DA:96,2
DA:98,5
DA:99,1
DA:100,1
DA:103,5
DA:104,2
DA:106,5
DA:107,2
DA:110,5
DA:111,5
DA:114,1
DA:115,0
DA:117,0
DA:118,0
DA:119,0
DA:120,0
DA:122,0
DA:124,0
DA:125,0
DA:127,0
DA:130,1
DA:131,1
DA:133,1
DA:134,1
DA:136,1
DA:137,1
DA:139,1
DA:140,1
DA:142,1
DA:143,1
DA:145,1
DA:146,5
DA:148,1
DA:149,5
DA:151,1
DA:152,1
DA:154,1
DA:155,16
DA:167,1
DA:168,1
DA:181,1
LF:105
LH:95
BRDA:30,1,0,4
BRDA:30,1,1,1
BRDA:48,2,0,1
BRDA:48,2,1,6
BRDA:50,3,0,1
BRDA:50,3,1,5
BRDA:58,4,0,2
BRDA:58,4,1,3
BRDA:62,5,0,1
BRDA:62,5,1,4
BRDA:67,6,0,2
BRDA:67,6,1,3
BRDA:70,7,0,2
BRDA:70,7,1,3
BRDA:84,8,0,1
BRDA:84,8,1,6
BRDA:86,9,0,1
BRDA:86,9,1,5
BRDA:94,10,0,2
BRDA:94,10,1,3
BRDA:98,11,0,1
BRDA:98,11,1,4
BRDA:103,12,0,2
BRDA:103,12,1,3
BRDA:106,13,0,2
BRDA:106,13,1,3
BRF:26
BRH:26
end_of_record
